<?xml version="1.0" encoding="UTF-8"?>
<testng-results skipped="0" failed="0" total="1" passed="1">
  <reporter-output>
  </reporter-output>
  <suite name="Default suite" duration-ms="8619" started-at="2019-09-02T05:14:18Z" finished-at="2019-09-02T05:14:27Z">
    <groups>
    </groups>
    <test name="Default test" duration-ms="8619" started-at="2019-09-02T05:14:18Z" finished-at="2019-09-02T05:14:27Z">
      <class name="lesson1.IdXpathDemo">
        <test-method status="PASS" signature="sampleTest()[pri:0, instance:lesson1.IdXpathDemo@5cc7c2a6]" name="sampleTest" duration-ms="8601" started-at="2019-09-02T01:14:18Z" finished-at="2019-09-02T01:14:27Z">
          <reporter-output>
          </reporter-output>
        </test-method> <!-- sampleTest -->
      </class> <!-- lesson1.IdXpathDemo -->
    </test> <!-- Default test -->
  </suite> <!-- Default suite -->
</testng-results>
